
2020-10-26 11:48:09.416639: Error occurred while reading WSGI handler:

Traceback (most recent call last):
  File "c:\python\lib\site-packages\wfastcgi.py", line 791, in main
    env, handler = read_wsgi_handler(response.physical_path)
  File "c:\python\lib\site-packages\wfastcgi.py", line 633, in read_wsgi_handler
    handler = get_wsgi_handler(os.getenv("WSGI_HANDLER"))
  File "c:\python\lib\site-packages\wfastcgi.py", line 616, in get_wsgi_handler
    raise ValueError('"%s" could not be imported%s' % (handler_name, last_tb))
ValueError: "my_app.app" could not be imported: Traceback (most recent call last):
  File "c:\python\lib\site-packages\wfastcgi.py", line 600, in get_wsgi_handler
    handler = __import__(module_name, fromlist=[name_list[0][0]])
  File ".\my_app.py", line 1, in <module>
    from flask import Flask
ModuleNotFoundError: No module named 'flask'



StdOut: 

StdErr: 
2020-10-26 11:48:09.422624: Unhandled exception in wfastcgi.py: Traceback (most recent call last):
  File "c:\python\lib\site-packages\wfastcgi.py", line 791, in main
    env, handler = read_wsgi_handler(response.physical_path)
  File "c:\python\lib\site-packages\wfastcgi.py", line 633, in read_wsgi_handler
    handler = get_wsgi_handler(os.getenv("WSGI_HANDLER"))
  File "c:\python\lib\site-packages\wfastcgi.py", line 616, in get_wsgi_handler
    raise ValueError('"%s" could not be imported%s' % (handler_name, last_tb))
ValueError: "my_app.app" could not be imported: Traceback (most recent call last):
  File "c:\python\lib\site-packages\wfastcgi.py", line 600, in get_wsgi_handler
    handler = __import__(module_name, fromlist=[name_list[0][0]])
  File ".\my_app.py", line 1, in <module>
    from flask import Flask
ModuleNotFoundError: No module named 'flask'

2020-10-26 11:48:09.427644: Running on_exit tasks
2020-10-26 11:48:09.432623: wfastcgi.py 3.0.0 closed
2020-10-26 11:48:09.507402: Error occurred while reading WSGI handler:

Traceback (most recent call last):
  File "c:\python\lib\site-packages\wfastcgi.py", line 791, in main
    env, handler = read_wsgi_handler(response.physical_path)
  File "c:\python\lib\site-packages\wfastcgi.py", line 633, in read_wsgi_handler
    handler = get_wsgi_handler(os.getenv("WSGI_HANDLER"))
  File "c:\python\lib\site-packages\wfastcgi.py", line 616, in get_wsgi_handler
    raise ValueError('"%s" could not be imported%s' % (handler_name, last_tb))
ValueError: "my_app.app" could not be imported: Traceback (most recent call last):
  File "c:\python\lib\site-packages\wfastcgi.py", line 600, in get_wsgi_handler
    handler = __import__(module_name, fromlist=[name_list[0][0]])
  File ".\my_app.py", line 1, in <module>
    from flask import Flask
ModuleNotFoundError: No module named 'flask'



StdOut: 

StdErr: 
2020-10-26 11:48:09.511419: Unhandled exception in wfastcgi.py: Traceback (most recent call last):
  File "c:\python\lib\site-packages\wfastcgi.py", line 791, in main
    env, handler = read_wsgi_handler(response.physical_path)
  File "c:\python\lib\site-packages\wfastcgi.py", line 633, in read_wsgi_handler
    handler = get_wsgi_handler(os.getenv("WSGI_HANDLER"))
  File "c:\python\lib\site-packages\wfastcgi.py", line 616, in get_wsgi_handler
    raise ValueError('"%s" could not be imported%s' % (handler_name, last_tb))
ValueError: "my_app.app" could not be imported: Traceback (most recent call last):
  File "c:\python\lib\site-packages\wfastcgi.py", line 600, in get_wsgi_handler
    handler = __import__(module_name, fromlist=[name_list[0][0]])
  File ".\my_app.py", line 1, in <module>
    from flask import Flask
ModuleNotFoundError: No module named 'flask'

2020-10-26 11:48:09.516759: Running on_exit tasks
2020-10-26 11:48:09.516759: wfastcgi.py 3.0.0 closed
2020-10-26 11:55:05.994591: wfastcgi.py will restart when files in C:\inetpub\wwwroot\Flask_IIS-master\ are changed: .*((\.py)|(\.config))$
2020-10-26 11:55:06.001604: wfastcgi.py 3.0.0 initialized
2020-10-26 12:00:06.111769: wfastcgi.py exiting because my_app.py has changed, matching .*((\.py)|(\.config))$
2020-10-26 12:00:06.121773: Running on_exit tasks
2020-10-26 12:00:18.613619: wfastcgi.py will restart when files in C:\inetpub\wwwroot\Flask_IIS-master\ are changed: .*((\.py)|(\.config))$
2020-10-26 12:00:18.620569: wfastcgi.py 3.0.0 initialized
2020-10-26 12:05:33.357018: Unhandled exception in wfastcgi.py: Traceback (most recent call last):
  File "c:\python\lib\site-packages\wfastcgi.py", line 774, in main
    record = read_fastcgi_record(fcgi_stream)
  File "c:\python\lib\site-packages\wfastcgi.py", line 158, in read_fastcgi_record
    data = stream.read(8)     # read record
OSError: [Errno 22] Invalid argument
2020-10-26 12:05:33.361008: Running on_exit tasks
2020-10-26 12:05:33.365994: wfastcgi.py 3.0.0 closed
2020-10-26 12:39:53.523553: wfastcgi.py will restart when files in C:\inetpub\wwwroot\SQLFlaskCrudApp\ are changed: .*((\.py)|(\.config))$
2020-10-26 12:39:53.527542: wfastcgi.py 3.0.0 initialized
2020-10-26 14:14:03.276494: wfastcgi.py will restart when files in C:\inetpub\wwwroot\SQLFlaskCrudApp\ are changed: .*((\.py)|(\.config))$
2020-10-26 14:14:03.282510: wfastcgi.py 3.0.0 initialized
2020-10-26 14:14:03.802087: wfastcgi.py will restart when files in C:\inetpub\wwwroot\SQLFlaskCrudApp\ are changed: .*((\.py)|(\.config))$
2020-10-26 14:14:03.815052: wfastcgi.py will restart when files in C:\inetpub\wwwroot\SQLFlaskCrudApp\ are changed: .*((\.py)|(\.config))$
2020-10-26 14:14:03.823032: wfastcgi.py 3.0.0 initialized
iles in C:\inetpub\wwwroot\SQLFlaskCrudApp\ are changed: .*((\.py)|(\.config))$
2020-10-26 14:14:03.837991: wfastcgi.py will restart when files in C:\inetpub\wwwroot\SQLFlaskCrudApp\ are changed: .*((\.py)|(\.config))$
2020-10-26 14:14:03.842978: wfastcgi.py 3.0.0 initialized
2020-10-26 14:14:03.852951: wfastcgi.py will restart when files in C:\inetpub\wwwroot\SQLFlaskCrudApp\ are changed: .*((\.py)|(\.config))$
2020-10-26 14:14:03.857938: wfastcgi.py 3.0.0 initialized
2020-10-26 14:16:43.707038: wfastcgi.py exiting because web.config has changed, matching .*((\.py)|(\.config))$
2020-10-26 14:16:43.708035: wfastcgi.py exiting because web.config has changed, matching .*((\.py)|(\.config))$
2020-10-26 14:16:43.713127: Running on_exit tasks
2020-10-26 14:18:31.760982: wfastcgi.py will restart when files in C:\inetpub\wwwroot\SQLFlaskCrudApp\ are changed: .*((\.py)|(\.config))$
2020-10-26 14:18:31.767964: wfastcgi.py 3.0.0 initialized
2020-10-26 14:50:21.846311: wfastcgi.py will restart when files in C:\inetpub\wwwroot\SQLFlaskCrudApp\ are changed: .*((\.py)|(\.config))$
2020-10-26 14:50:21.858277: wfastcgi.py 3.0.0 initialized
2020-10-26 15:31:29.124776: wfastcgi.py will restart when files in C:\inetpub\wwwroot\SQLFlaskCrudApp\ are changed: .*((\.py)|(\.config))$
2020-10-26 15:31:29.130729: wfastcgi.py 3.0.0 initialized
2020-10-27 14:19:20.270118: wfastcgi.py will restart when files in C:\inetpub\wwwroot\SQLFlaskCrudApp\ are changed: .*((\.py)|(\.config))$
2020-10-27 14:19:20.275142: wfastcgi.py 3.0.0 initialized
2020-10-27 14:19:20.920543: wfastcgi.py will restart when files in C:\inetpub\wwwroot\SQLFlaskCrudApp\ are changed: .*((\.py)|(\.config))$
2020-10-27 14:19:20.929519: wfastcgi.py will restart when files in C:\inetpub\wwwroot\SQLFlaskCrudApp\ are changed: .*((\.py)|(\.config))$
2020-10-27 14:19:20.934505: wfastcgi.py will restart when files in C:\inetpub\wwwroot\SQLFlaskCrudApp\ are changed: .*((\.py)|(\.config))$
2020-10-27 14:19:20.940489: wfastcgi.py 3.0.0 initialized
2020-10-28 07:23:27.207694: wfastcgi.py will restart when files in C:\inetpub\wwwroot\SQLFlaskCrudApp\ are changed: .*((\.py)|(\.config))$
2020-10-28 07:23:27.212675: wfastcgi.py 3.0.0 initialized
2020-10-28 07:24:52.070484: wfastcgi.py will restart when files in C:\inetpub\wwwroot\SQLFlaskCrudApp\ are changed: .*((\.py)|(\.config))$
2020-10-28 07:24:52.075940: wfastcgi.py 3.0.0 initialized
2020-10-28 07:24:57.543576: wfastcgi.py will restart when files in C:\inetpub\wwwroot\SQLFlaskCrudApp\ are changed: .*((\.py)|(\.config))$
2020-10-28 07:24:57.548035: wfastcgi.py 3.0.0 initialized
2020-10-28 07:24:59.028880: wfastcgi.py will restart when files in C:\inetpub\wwwroot\SQLFlaskCrudApp\ are changed: .*((\.py)|(\.config))$
2020-10-28 07:24:59.034838: wfastcgi.py 3.0.0 initialized
2020-10-28 07:25:04.127211: wfastcgi.py will restart when files in C:\inetpub\wwwroot\SQLFlaskCrudApp\ are changed: .*((\.py)|(\.config))$
2020-10-28 07:25:04.133137: wfastcgi.py 3.0.0 initialized
2020-10-28 07:25:08.876520: wfastcgi.py will restart when files in C:\inetpub\wwwroot\SQLFlaskCrudApp\ are changed: .*((\.py)|(\.config))$
2020-10-28 07:25:08.886439: wfastcgi.py 3.0.0 initialized
2020-10-28 07:25:08.913719: wfastcgi.py will restart when files in C:\inetpub\wwwroot\SQLFlaskCrudApp\ are changed: .*((\.py)|(\.config))$
2020-10-28 07:25:08.919671: wfastcgi.py 3.0.0 initialized
2020-10-28 07:25:08.939511: wfastcgi.py will restart when files in C:\inetpub\wwwroot\SQLFlaskCrudApp\ are changed: .*((\.py)|(\.config))$
2020-10-28 07:25:08.944967: wfastcgi.py 3.0.0 initialized
2020-10-28 07:25:08.952903: wfastcgi.py will restart when files in C:\inetpub\wwwroot\SQLFlaskCrudApp\ are changed: .*((\.py)|(\.config))$
2020-10-28 07:25:08.957863: wfastcgi.py 3.0.0 initialized
2020-10-28 07:25:28.937946: wfastcgi.py will restart when files in C:\inetpub\wwwroot\SQLFlaskCrudApp\ are changed: .*((\.py)|(\.config))$
2020-10-28 07:25:28.943390: wfastcgi.py 3.0.0 initialized
2020-10-28 07:25:30.604566: wfastcgi.py will restart when files in C:\inetpub\wwwroot\SQLFlaskCrudApp\ are changed: .*((\.py)|(\.config))$
2020-10-28 07:25:30.610021: wfastcgi.py 3.0.0 initialized
2020-10-28 07:25:40.681955: wfastcgi.py will restart when files in C:\inetpub\wwwroot\SQLFlaskCrudApp\ are changed: .*((\.py)|(\.config))$
2020-10-28 07:25:40.681955: wfastcgi.py will restart when files in C:\inetpub\wwwroot\SQLFlaskCrudApp\ are changed: .*((\.py)|(\.config))$
2020-10-28 07:25:40.688898: wfastcgi.py 3.0.0 initialized
2020-10-28 07:25:40.719154: wfastcgi.py will restart when files in C:\inetpub\wwwroot\SQLFlaskCrudApp\ are changed: .*((\.py)|(\.config))$
2020-10-28 07:25:40.725602: wfastcgi.py 3.0.0 initialized
2020-10-28 07:25:55.927138: wfastcgi.py will restart when files in C:\inetpub\wwwroot\SQLFlaskCrudApp\ are changed: .*((\.py)|(\.config))$
2020-10-28 07:25:55.933091: wfastcgi.py 3.0.0 initialized
2020-10-28 07:26:04.609814: wfastcgi.py will restart when files in C:\inetpub\wwwroot\SQLFlaskCrudApp\ are changed: .*((\.py)|(\.config))$
2020-10-28 07:26:04.615766: wfastcgi.py 3.0.0 initialized
2020-10-28 07:26:10.346551: wfastcgi.py will restart when files in C:\inetpub\wwwroot\SQLFlaskCrudApp\ are changed: .*((\.py)|(\.config))$
2020-10-28 07:26:10.355975: wfastcgi.py 3.0.0 initialized
2020-10-28 07:26:17.086192: wfastcgi.py will restart when files in C:\inetpub\wwwroot\SQLFlaskCrudApp\ are changed: .*((\.py)|(\.config))$
2020-10-28 07:26:17.094128: wfastcgi.py 3.0.0 initialized
2020-10-28 07:26:23.612555: wfastcgi.py will restart when files in C:\inetpub\wwwroot\SQLFlaskCrudApp\ are changed: .*((\.py)|(\.config))$
2020-10-28 07:26:23.619003: wfastcgi.py 3.0.0 initialized
2020-10-28 07:26:38.006574: wfastcgi.py will restart when files in C:\inetpub\wwwroot\SQLFlaskCrudApp\ are changed: .*((\.py)|(\.config))$
2020-10-28 07:26:38.015006: wfastcgi.py 3.0.0 initialized
2020-10-28 07:26:38.063149: wfastcgi.py will restart when files in C:\inetpub\wwwroot\SQLFlaskCrudApp\ are changed: .*((\.py)|(\.config))$
2020-10-28 07:26:38.069102: wfastcgi.py 3.0.0 initialized
iles in C:\inetpub\wwwroot\SQLFlaskCrudApp\ are changed: .*((\.py)|(\.config))$
2020-10-28 07:26:38.074031: wfastcgi.py 3.0.0 initialized
2020-10-28 07:27:12.844338: wfastcgi.py will restart when files in C:\inetpub\wwwroot\SQLFlaskCrudApp\ are changed: .*((\.py)|(\.config))$
2020-10-28 07:27:12.849273: wfastcgi.py 3.0.0 initialized
2020-10-28 07:27:12.889449: wfastcgi.py will restart when files in C:\inetpub\wwwroot\SQLFlaskCrudApp\ are changed: .*((\.py)|(\.config))$
2020-10-28 07:27:12.895401: wfastcgi.py 3.0.0 initialized
2020-10-28 07:27:52.490815: wfastcgi.py will restart when files in C:\inetpub\wwwroot\SQLFlaskCrudApp\ are changed: .*((\.py)|(\.config))$
2020-10-28 07:27:52.495775: wfastcgi.py 3.0.0 initialized
2020-10-28 08:02:16.540148: wfastcgi.py will restart when files in C:\inetpub\wwwroot\SQLFlaskCrudApp\ are changed: .*((\.py)|(\.config))$
2020-10-28 08:02:16.546100: wfastcgi.py 3.0.0 initialized
2020-10-28 08:02:17.059958: wfastcgi.py will restart when files in C:\inetpub\wwwroot\SQLFlaskCrudApp\ are changed: .*((\.py)|(\.config))$
2020-10-28 08:02:17.067891: wfastcgi.py 3.0.0 initialized
2020-10-28 08:02:17.075828: wfastcgi.py will restart when files in C:\inetpub\wwwroot\SQLFlaskCrudApp\ are changed: .*((\.py)|(\.config))$
2020-10-28 08:02:17.090211: wfastcgi.py will restart when files in C:\inetpub\wwwroot\SQLFlaskCrudApp\ are changed: .*((\.py)|(\.config))$
2020-10-28 08:02:17.095666: wfastcgi.py 3.0.0 initialized
2020-10-28 08:05:43.663603: wfastcgi.py will restart when files in C:\inetpub\wwwroot\SQLFlaskCrudApp\ are changed: .*((\.py)|(\.config))$
2020-10-28 08:05:43.670051: wfastcgi.py 3.0.0 initialized
2020-10-28 14:58:32.847976: wfastcgi.py will restart when files in C:\inetpub\wwwroot\SQLFlaskCrudApp\ are changed: .*((\.py)|(\.config))$
2020-10-28 14:58:32.856408: wfastcgi.py 3.0.0 initialized
2020-10-29 08:07:00.597225: wfastcgi.py will restart when files in C:\inetpub\wwwroot\SQLFlaskCrudApp\ are changed: .*((\.py)|(\.config))$
2020-10-29 08:07:00.603172: wfastcgi.py 3.0.0 initialized
2020-10-29 08:08:28.613783: wfastcgi.py will restart when files in C:\inetpub\wwwroot\SQLFlaskCrudApp\ are changed: .*((\.py)|(\.config))$
2020-10-29 08:08:28.619264: wfastcgi.py 3.0.0 initialized
2020-10-29 08:08:35.522297: wfastcgi.py will restart when files in C:\inetpub\wwwroot\SQLFlaskCrudApp\ are changed: .*((\.py)|(\.config))$
2020-10-29 08:08:35.528248: wfastcgi.py 3.0.0 initialized
2020-10-29 08:08:35.559497: wfastcgi.py will restart when files in C:\inetpub\wwwroot\SQLFlaskCrudApp\ are changed: .*((\.py)|(\.config))$
2020-10-29 08:08:35.565447: wfastcgi.py 3.0.0 initialized
2020-10-29 08:08:35.631420: wfastcgi.py will restart when files in C:\inetpub\wwwroot\SQLFlaskCrudApp\ are changed: .*((\.py)|(\.config))$
2020-10-29 08:08:35.645338: wfastcgi.py 3.0.0 initialized
2020-10-29 08:08:47.315118: wfastcgi.py will restart when files in C:\inetpub\wwwroot\SQLFlaskCrudApp\ are changed: .*((\.py)|(\.config))$
2020-10-29 08:08:47.321069: wfastcgi.py 3.0.0 initialized
2020-10-29 08:08:52.605944: wfastcgi.py will restart when files in C:\inetpub\wwwroot\SQLFlaskCrudApp\ are changed: .*((\.py)|(\.config))$
2020-10-29 08:08:52.615323: wfastcgi.py 3.0.0 initialized
2020-10-29 08:08:59.045906: wfastcgi.py will restart when files in C:\inetpub\wwwroot\SQLFlaskCrudApp\ are changed: .*((\.py)|(\.config))$
2020-10-29 08:08:59.051858: wfastcgi.py 3.0.0 initialized
2020-10-29 08:09:02.031493: wfastcgi.py will restart when files in C:\inetpub\wwwroot\SQLFlaskCrudApp\ are changed: .*((\.py)|(\.config))$
2020-10-29 08:09:02.036453: wfastcgi.py 3.0.0 initialized
2020-10-29 08:09:02.050341: wfastcgi.py will restart when files in C:\inetpub\wwwroot\SQLFlaskCrudApp\ are changed: .*((\.py)|(\.config))$
2020-10-29 08:09:02.056790: wfastcgi.py 3.0.0 initialized
2020-10-29 08:09:08.129371: wfastcgi.py will restart when files in C:\inetpub\wwwroot\SQLFlaskCrudApp\ are changed: .*((\.py)|(\.config))$
2020-10-29 08:09:08.134831: wfastcgi.py 3.0.0 initialized
2020-10-29 08:09:13.426461: wfastcgi.py will restart when files in C:\inetpub\wwwroot\SQLFlaskCrudApp\ are changed: .*((\.py)|(\.config))$
2020-10-29 08:09:13.432910: wfastcgi.py 3.0.0 initialized
2020-10-29 08:09:13.741755: wfastcgi.py will restart when files in C:\inetpub\wwwroot\SQLFlaskCrudApp\ are changed: .*((\.py)|(\.config))$
2020-10-29 08:09:13.747722: wfastcgi.py 3.0.0 initialized
2020-10-29 08:09:19.423761: wfastcgi.py will restart when files in C:\inetpub\wwwroot\SQLFlaskCrudApp\ are changed: .*((\.py)|(\.config))$
2020-10-29 08:09:19.435665: wfastcgi.py 3.0.0 initialized
2020-10-29 08:09:23.136343: wfastcgi.py will restart when files in C:\inetpub\wwwroot\SQLFlaskCrudApp\ are changed: .*((\.py)|(\.config))$
2020-10-29 08:09:23.141799: wfastcgi.py 3.0.0 initialized
2020-10-29 08:09:30.852184: wfastcgi.py will restart when files in C:\inetpub\wwwroot\SQLFlaskCrudApp\ are changed: .*((\.py)|(\.config))$
2020-10-29 08:09:30.857144: wfastcgi.py 3.0.0 initialized
2020-10-29 08:09:34.854475: wfastcgi.py will restart when files in C:\inetpub\wwwroot\SQLFlaskCrudApp\ are changed: .*((\.py)|(\.config))$
2020-10-29 08:09:34.859401: wfastcgi.py 3.0.0 initialized
2020-10-29 08:09:36.680877: wfastcgi.py will restart when files in C:\inetpub\wwwroot\SQLFlaskCrudApp\ are changed: .*((\.py)|(\.config))$
2020-10-29 08:09:36.686836: wfastcgi.py 3.0.0 initialized
2020-10-29 08:09:36.990884: wfastcgi.py will restart when files in C:\inetpub\wwwroot\SQLFlaskCrudApp\ are changed: .*((\.py)|(\.config))$
2020-10-29 08:09:36.996338: wfastcgi.py 3.0.0 initialized
2020-10-29 08:09:40.440700: wfastcgi.py will restart when files in C:\inetpub\wwwroot\SQLFlaskCrudApp\ are changed: .*((\.py)|(\.config))$
2020-10-29 08:09:40.446156: wfastcgi.py 3.0.0 initialized
2020-10-29 08:09:54.980692: wfastcgi.py will restart when files in C:\inetpub\wwwroot\SQLFlaskCrudApp\ are changed: .*((\.py)|(\.config))$
2020-10-29 08:09:54.986148: wfastcgi.py 3.0.0 initialized
2020-10-29 08:09:58.074298: wfastcgi.py will restart when files in C:\inetpub\wwwroot\SQLFlaskCrudApp\ are changed: .*((\.py)|(\.config))$
2020-10-29 08:09:58.078762: wfastcgi.py 3.0.0 initialized
2020-10-29 08:10:22.155034: wfastcgi.py will restart when files in C:\inetpub\wwwroot\SQLFlaskCrudApp\ are changed: .*((\.py)|(\.config))$
2020-10-29 08:10:22.163465: wfastcgi.py 3.0.0 initialized
2020-10-29 08:10:30.062030: wfastcgi.py will restart when files in C:\inetpub\wwwroot\SQLFlaskCrudApp\ are changed: .*((\.py)|(\.config))$
2020-10-29 08:10:30.066494: wfastcgi.py 3.0.0 initialized
2020-10-29 08:10:59.883892: wfastcgi.py will restart when files in C:\inetpub\wwwroot\SQLFlaskCrudApp\ are changed: .*((\.py)|(\.config))$
2020-10-29 08:10:59.889349: wfastcgi.py 3.0.0 initialized
2020-10-29 08:11:00.089235: wfastcgi.py will restart when files in C:\inetpub\wwwroot\SQLFlaskCrudApp\ are changed: .*((\.py)|(\.config))$
2020-10-29 08:11:00.094691: wfastcgi.py 3.0.0 initialized
2020-10-30 09:44:48.260513: wfastcgi.py will restart when files in C:\inetpub\wwwroot\SQLFlaskCrudApp\ are changed: .*((\.py)|(\.config))$
2020-10-30 09:44:48.269442: wfastcgi.py 3.0.0 initialized
2020-10-30 09:44:50.880708: wfastcgi.py will restart when files in C:\inetpub\wwwroot\SQLFlaskCrudApp\ are changed: .*((\.py)|(\.config))$
2020-10-30 09:44:50.895089: wfastcgi.py 3.0.0 initialized
2020-10-30 09:44:50.969451: wfastcgi.py will restart when files in C:\inetpub\wwwroot\SQLFlaskCrudApp\ are changed: .*((\.py)|(\.config))$
2020-10-30 09:44:50.979372: wfastcgi.py 3.0.0 initialized
2020-10-30 09:44:51.082044: wfastcgi.py will restart when files in C:\inetpub\wwwroot\SQLFlaskCrudApp\ are changed: .*((\.py)|(\.config))$
2020-10-30 09:44:51.096966: wfastcgi.py 3.0.0 initialized
2020-11-02 13:57:47.808712: wfastcgi.py will restart when files in C:\inetpub\wwwroot\SQLFlaskCrudApp\ are changed: .*((\.py)|(\.config))$
2020-11-02 13:57:47.819171: wfastcgi.py 3.0.0 initialized
2020-11-02 13:57:48.253655: wfastcgi.py will restart when files in C:\inetpub\wwwroot\SQLFlaskCrudApp\ are changed: .*((\.py)|(\.config))$
2020-11-02 13:57:48.258614: wfastcgi.py 3.0.0 initialized
2020-11-02 14:06:43.029644: wfastcgi.py will restart when files in C:\inetpub\wwwroot\SQLFlaskCrudApp\ are changed: .*((\.py)|(\.config))$
2020-11-02 14:06:43.034108: wfastcgi.py 3.0.0 initialized
2020-11-02 14:06:58.397791: wfastcgi.py will restart when files in C:\inetpub\wwwroot\SQLFlaskCrudApp\ are changed: .*((\.py)|(\.config))$
2020-11-02 14:06:58.397791: wfastcgi.py will restart when files in C:\inetpub\wwwroot\SQLFlaskCrudApp\ are changed: .*((\.py)|(\.config))$
2020-11-02 14:06:58.402791: wfastcgi.py 3.0.0 initialized
2020-11-02 14:06:58.402791: wfastcgi.py 3.0.0 initialized
2020-11-02 14:37:11.458793: wfastcgi.py will restart when files in C:\inetpub\wwwroot\SQLFlaskCrudApp\ are changed: .*((\.py)|(\.config))$
2020-11-02 14:37:11.463753: wfastcgi.py 3.0.0 initialized
2020-11-02 14:37:11.894245: wfastcgi.py will restart when files in C:\inetpub\wwwroot\SQLFlaskCrudApp\ are changed: .*((\.py)|(\.config))$
2020-11-02 14:37:11.899708: wfastcgi.py will restart when files in C:\inetpub\wwwroot\SQLFlaskCrudApp\ are changed: .*((\.py)|(\.config))$
2020-11-02 14:37:11.899708: wfastcgi.py 3.0.0 initialized
2020-11-02 14:37:11.904660: wfastcgi.py 3.0.0 initialized
2020-11-03 07:16:40.740648: wfastcgi.py will restart when files in C:\inetpub\wwwroot\SQLFlaskCrudApp\ are changed: .*((\.py)|(\.config))$
2020-11-03 07:16:40.745642: wfastcgi.py 3.0.0 initialized
2020-11-03 07:18:08.909941: wfastcgi.py will restart when files in C:\inetpub\wwwroot\SQLFlaskCrudApp\ are changed: .*((\.py)|(\.config))$
2020-11-03 07:18:08.909941: wfastcgi.py will restart when files in C:\inetpub\wwwroot\SQLFlaskCrudApp\ are changed: .*((\.py)|(\.config))$
2020-11-03 07:18:08.914904: wfastcgi.py 3.0.0 initialized
2020-11-03 07:18:08.956629: wfastcgi.py will restart when files in C:\inetpub\wwwroot\SQLFlaskCrudApp\ are changed: .*((\.py)|(\.config))$
2020-11-03 07:18:08.961575: wfastcgi.py 3.0.0 initialized
2020-11-03 07:20:29.803856: wfastcgi.py will restart when files in C:\inetpub\wwwroot\SQLFlaskCrudApp\ are changed: .*((\.py)|(\.config))$
2020-11-03 07:20:29.809808: wfastcgi.py 3.0.0 initialized
2020-11-03 07:20:43.553571: wfastcgi.py will restart when files in C:\inetpub\wwwroot\SQLFlaskCrudApp\ are changed: .*((\.py)|(\.config))$
2020-11-03 07:20:43.570435: wfastcgi.py will restart when files in C:\inetpub\wwwroot\SQLFlaskCrudApp\ are changed: .*((\.py)|(\.config))$
2020-11-03 07:20:43.575395: wfastcgi.py 3.0.0 initialized
2020-11-03 07:21:03.695418: wfastcgi.py will restart when files in C:\inetpub\wwwroot\SQLFlaskCrudApp\ are changed: .*((\.py)|(\.config))$
2020-11-03 07:21:03.706788: wfastcgi.py 3.0.0 initialized
2020-11-03 07:21:11.659086: wfastcgi.py will restart when files in C:\inetpub\wwwroot\SQLFlaskCrudApp\ are changed: .*((\.py)|(\.config))$
2020-11-03 07:21:11.679423: wfastcgi.py 3.0.0 initialized
2020-11-03 07:21:11.697327: wfastcgi.py will restart when files in C:\inetpub\wwwroot\SQLFlaskCrudApp\ are changed: .*((\.py)|(\.config))$
2020-11-03 07:21:11.702287: wfastcgi.py 3.0.0 initialized
2020-11-03 07:21:11.731330: wfastcgi.py will restart when files in C:\inetpub\wwwroot\SQLFlaskCrudApp\ are changed: .*((\.py)|(\.config))$
2020-11-03 07:21:11.735794: wfastcgi.py 3.0.0 initialized
2020-11-03 07:22:42.690310: wfastcgi.py will restart when files in C:\inetpub\wwwroot\SQLFlaskCrudApp\ are changed: .*((\.py)|(\.config))$
2020-11-03 07:22:42.695271: wfastcgi.py 3.0.0 initialized
2020-11-03 07:23:05.015987: wfastcgi.py will restart when files in C:\inetpub\wwwroot\SQLFlaskCrudApp\ are changed: .*((\.py)|(\.config))$
2020-11-03 07:23:05.020948: wfastcgi.py 3.0.0 initialized
2020-11-03 07:23:31.295296: wfastcgi.py will restart when files in C:\inetpub\wwwroot\SQLFlaskCrudApp\ are changed: .*((\.py)|(\.config))$
2020-11-03 07:23:31.300255: wfastcgi.py 3.0.0 initialized
2020-11-03 07:23:45.048981: wfastcgi.py will restart when files in C:\inetpub\wwwroot\SQLFlaskCrudApp\ are changed: .*((\.py)|(\.config))$
2020-11-03 07:23:45.053480: wfastcgi.py 3.0.0 initialized
2020-11-03 07:24:03.385240: wfastcgi.py will restart when files in C:\inetpub\wwwroot\SQLFlaskCrudApp\ are changed: .*((\.py)|(\.config))$
2020-11-03 07:24:03.391191: wfastcgi.py 3.0.0 initialized
2020-11-03 07:24:03.440357: wfastcgi.py will restart when files in C:\inetpub\wwwroot\SQLFlaskCrudApp\ are changed: .*((\.py)|(\.config))$
2020-11-03 07:24:03.445317: wfastcgi.py 3.0.0 initialized
2020-11-03 07:24:16.127935: wfastcgi.py will restart when files in C:\inetpub\wwwroot\SQLFlaskCrudApp\ are changed: .*((\.py)|(\.config))$
2020-11-03 07:24:16.132895: wfastcgi.py 3.0.0 initialized
2020-11-03 07:24:29.730574: wfastcgi.py will restart when files in C:\inetpub\wwwroot\SQLFlaskCrudApp\ are changed: .*((\.py)|(\.config))$
2020-11-03 07:24:29.735534: wfastcgi.py 3.0.0 initialized
2020-11-03 07:24:29.768270: wfastcgi.py will restart when files in C:\inetpub\wwwroot\SQLFlaskCrudApp\ are changed: .*((\.py)|(\.config))$
2020-11-03 07:24:29.774222: wfastcgi.py 3.0.0 initialized
2020-11-03 07:24:29.808447: wfastcgi.py will restart when files in C:\inetpub\wwwroot\SQLFlaskCrudApp\ are changed: .*((\.py)|(\.config))$
2020-11-03 07:24:29.813407: wfastcgi.py 3.0.0 initialized
2020-11-03 07:24:57.285137: wfastcgi.py will restart when files in C:\inetpub\wwwroot\SQLFlaskCrudApp\ are changed: .*((\.py)|(\.config))$
2020-11-03 07:24:57.290592: wfastcgi.py 3.0.0 initialized
2020-11-03 07:25:15.885589: wfastcgi.py will restart when files in C:\inetpub\wwwroot\SQLFlaskCrudApp\ are changed: .*((\.py)|(\.config))$
2020-11-03 07:25:15.891045: wfastcgi.py 3.0.0 initialized
2020-11-03 07:25:15.898981: wfastcgi.py will restart when files in C:\inetpub\wwwroot\SQLFlaskCrudApp\ are changed: .*((\.py)|(\.config))$
2020-11-03 07:25:15.903973: wfastcgi.py 3.0.0 initialized
2020-11-03 07:33:09.986714: wfastcgi.py will restart when files in C:\inetpub\wwwroot\SQLFlaskCrudApp\ are changed: .*((\.py)|(\.config))$
2020-11-03 07:33:09.991681: wfastcgi.py 3.0.0 initialized
2020-11-03 07:35:15.961504: wfastcgi.py will restart when files in C:\inetpub\wwwroot\SQLFlaskCrudApp\ are changed: .*((\.py)|(\.config))$
2020-11-03 07:35:15.966497: wfastcgi.py 3.0.0 initialized
2020-11-03 07:35:36.700649: wfastcgi.py will restart when files in C:\inetpub\wwwroot\SQLFlaskCrudApp\ are changed: .*((\.py)|(\.config))$
2020-11-03 07:35:36.707632: wfastcgi.py 3.0.0 initialized
2020-11-03 07:35:57.665604: wfastcgi.py will restart when files in C:\inetpub\wwwroot\SQLFlaskCrudApp\ are changed: .*((\.py)|(\.config))$
2020-11-03 07:35:57.670534: wfastcgi.py 3.0.0 initialized
2020-11-03 08:24:25.810040: wfastcgi.py will restart when files in C:\inetpub\wwwroot\SQLFlaskCrudApp\ are changed: .*((\.py)|(\.config))$
2020-11-03 08:24:25.814505: wfastcgi.py 3.0.0 initialized
2020-11-03 08:25:20.807291: wfastcgi.py will restart when files in C:\inetpub\wwwroot\SQLFlaskCrudApp\ are changed: .*((\.py)|(\.config))$
2020-11-03 08:25:20.807291: wfastcgi.py will restart when files in C:\inetpub\wwwroot\SQLFlaskCrudApp\ are changed: .*((\.py)|(\.config))$
2020-11-03 08:25:20.812251: wfastcgi.py 3.0.0 initialized
2020-11-03 08:25:20.812251: wfastcgi.py 3.0.0 initialized
2020-11-03 08:25:20.818204: wfastcgi.py will restart when files in C:\inetpub\wwwroot\SQLFlaskCrudApp\ are changed: .*((\.py)|(\.config))$
2020-11-03 08:25:20.823164: wfastcgi.py 3.0.0 initialized
2020-11-03 10:56:09.991762: wfastcgi.py will restart when files in C:\inetpub\wwwroot\SQLFlaskCrudApp\ are changed: .*((\.py)|(\.config))$
2020-11-03 10:56:10.000186: wfastcgi.py 3.0.0 initialized
2020-11-03 11:02:50.895265: wfastcgi.py will restart when files in C:\inetpub\wwwroot\SQLFlaskCrudApp\ are changed: .*((\.py)|(\.config))$
2020-11-03 11:02:50.904230: wfastcgi.py 3.0.0 initialized
2020-11-03 11:13:40.800357: wfastcgi.py will restart when files in C:\inetpub\wwwroot\SQLFlaskCrudApp\ are changed: .*((\.py)|(\.config))$
2020-11-03 11:13:40.805316: wfastcgi.py 3.0.0 initialized
2020-11-03 11:13:41.234888: wfastcgi.py will restart when files in C:\inetpub\wwwroot\SQLFlaskCrudApp\ are changed: .*((\.py)|(\.config))$
2020-11-03 11:13:41.240332: wfastcgi.py 3.0.0 initialized
2020-11-03 11:13:41.240332: wfastcgi.py 3.0.0 initialized
2020-11-03 11:18:14.266492: wfastcgi.py will restart when files in C:\inetpub\wwwroot\SQLFlaskCrudApp\ are changed: .*((\.py)|(\.config))$
2020-11-03 11:18:14.271991: wfastcgi.py 3.0.0 initialized
2020-11-03 11:18:14.682172: wfastcgi.py will restart when files in C:\inetpub\wwwroot\SQLFlaskCrudApp\ are changed: .*((\.py)|(\.config))$
2020-11-03 11:18:14.687593: wfastcgi.py 3.0.0 initialized
2020-11-03 11:18:14.692553: wfastcgi.py will restart when files in C:\inetpub\wwwroot\SQLFlaskCrudApp\ are changed: .*((\.py)|(\.config))$
2020-11-03 11:18:14.698010: wfastcgi.py 3.0.0 initialized
2020-11-04 08:44:46.004328: wfastcgi.py will restart when files in C:\inetpub\wwwroot\SQLFlaskCrudApp\ are changed: .*((\.py)|(\.config))$
2020-11-04 08:44:46.011308: wfastcgi.py 3.0.0 initialized
2020-11-04 08:44:47.660977: wfastcgi.py will restart when files in C:\inetpub\wwwroot\SQLFlaskCrudApp\ are changed: .*((\.py)|(\.config))$
2020-11-04 08:44:47.667391: wfastcgi.py 3.0.0 initialized
2020-11-04 08:44:47.743359: wfastcgi.py will restart when files in C:\inetpub\wwwroot\SQLFlaskCrudApp\ are changed: .*((\.py)|(\.config))$
2020-11-04 08:44:47.750302: wfastcgi.py 3.0.0 initialized
2020-11-04 08:44:47.883545: wfastcgi.py will restart when files in C:\inetpub\wwwroot\SQLFlaskCrudApp\ are changed: .*((\.py)|(\.config))$
2020-11-04 08:44:47.889992: wfastcgi.py 3.0.0 initialized
2020-11-04 09:55:05.241110: wfastcgi.py will restart when files in C:\inetpub\wwwroot\SQLFlaskCrudApp\ are changed: .*((\.py)|(\.config))$
2020-11-04 09:55:05.248054: wfastcgi.py 3.0.0 initialized
2020-11-04 14:36:38.832222: wfastcgi.py will restart when files in C:\inetpub\wwwroot\SQLFlaskCrudApp\ are changed: .*((\.py)|(\.config))$
2020-11-04 14:36:38.838166: wfastcgi.py 3.0.0 initialized
2020-11-05 07:36:29.795553: wfastcgi.py will restart when files in C:\inetpub\wwwroot\SQLFlaskCrudApp\ are changed: .*((\.py)|(\.config))$
2020-11-05 07:36:29.801016: wfastcgi.py 3.0.0 initialized
2020-11-05 07:36:30.593951: wfastcgi.py will restart when files in C:\inetpub\wwwroot\SQLFlaskCrudApp\ are changed: .*((\.py)|(\.config))$
2020-11-05 07:36:30.598876: wfastcgi.py 3.0.0 initialized
2020-11-05 07:36:32.796532: wfastcgi.py will restart when files in C:\inetpub\wwwroot\SQLFlaskCrudApp\ are changed: .*((\.py)|(\.config))$
2020-11-05 07:36:32.802484: wfastcgi.py 3.0.0 initialized
2020-11-05 07:37:59.166516: wfastcgi.py will restart when files in C:\inetpub\wwwroot\SQLFlaskCrudApp\ are changed: .*((\.py)|(\.config))$
2020-11-05 07:37:59.171501: wfastcgi.py 3.0.0 initialized
2020-11-05 07:38:23.560944: wfastcgi.py will restart when files in C:\inetpub\wwwroot\SQLFlaskCrudApp\ are changed: .*((\.py)|(\.config))$
2020-11-05 07:38:23.566404: wfastcgi.py 3.0.0 initialized
2020-11-05 07:38:37.043545: wfastcgi.py will restart when files in C:\inetpub\wwwroot\SQLFlaskCrudApp\ are changed: .*((\.py)|(\.config))$
2020-11-05 07:38:37.048505: wfastcgi.py 3.0.0 initialized
2020-11-05 07:39:28.812987: wfastcgi.py will restart when files in C:\inetpub\wwwroot\SQLFlaskCrudApp\ are changed: .*((\.py)|(\.config))$
2020-11-05 07:39:28.818415: wfastcgi.py 3.0.0 initialized
2020-11-05 07:39:36.215935: wfastcgi.py will restart when files in C:\inetpub\wwwroot\SQLFlaskCrudApp\ are changed: .*((\.py)|(\.config))$
2020-11-05 07:39:36.221885: wfastcgi.py 3.0.0 initialized
2020-11-05 07:39:38.988836: wfastcgi.py will restart when files in C:\inetpub\wwwroot\SQLFlaskCrudApp\ are changed: .*((\.py)|(\.config))$
2020-11-05 07:39:38.994787: wfastcgi.py 3.0.0 initialized
2020-11-05 07:39:53.601980: wfastcgi.py will restart when files in C:\inetpub\wwwroot\SQLFlaskCrudApp\ are changed: .*((\.py)|(\.config))$
2020-11-05 07:39:53.607436: wfastcgi.py 3.0.0 initialized
2020-11-05 07:39:53.607436: wfastcgi.py will restart when files in C:\inetpub\wwwroot\SQLFlaskCrudApp\ are changed: .*((\.py)|(\.config))$
2020-11-05 07:39:53.612921: wfastcgi.py 3.0.0 initialized
2020-11-05 07:39:53.662607: wfastcgi.py will restart when files in C:\inetpub\wwwroot\SQLFlaskCrudApp\ are changed: .*((\.py)|(\.config))$
2020-11-05 07:39:53.667531: wfastcgi.py 3.0.0 initialized
2020-11-05 07:40:10.244908: wfastcgi.py will restart when files in C:\inetpub\wwwroot\SQLFlaskCrudApp\ are changed: .*((\.py)|(\.config))$
2020-11-05 07:40:10.251870: wfastcgi.py 3.0.0 initialized
2020-11-05 07:40:10.581398: wfastcgi.py will restart when files in C:\inetpub\wwwroot\SQLFlaskCrudApp\ are changed: .*((\.py)|(\.config))$
2020-11-05 07:40:10.586361: wfastcgi.py 3.0.0 initialized
2020-11-05 07:40:14.090672: wfastcgi.py will restart when files in C:\inetpub\wwwroot\SQLFlaskCrudApp\ are changed: .*((\.py)|(\.config))$
2020-11-05 07:40:14.096622: wfastcgi.py 3.0.0 initialized
2020-11-05 07:40:15.691248: wfastcgi.py will restart when files in C:\inetpub\wwwroot\SQLFlaskCrudApp\ are changed: .*((\.py)|(\.config))$
2020-11-05 07:40:15.695706: wfastcgi.py 3.0.0 initialized
2020-11-05 07:41:39.636362: wfastcgi.py will restart when files in C:\inetpub\wwwroot\SQLFlaskCrudApp\ are changed: .*((\.py)|(\.config))$
2020-11-05 07:41:39.641819: wfastcgi.py 3.0.0 initialized
2020-11-05 07:41:49.464408: wfastcgi.py will restart when files in C:\inetpub\wwwroot\SQLFlaskCrudApp\ are changed: .*((\.py)|(\.config))$
2020-11-05 07:41:49.469861: wfastcgi.py 3.0.0 initialized
2020-11-05 07:41:54.934786: wfastcgi.py will restart when files in C:\inetpub\wwwroot\SQLFlaskCrudApp\ are changed: .*((\.py)|(\.config))$
2020-11-05 07:41:54.939787: wfastcgi.py 3.0.0 initialized
2020-11-05 07:42:02.882124: wfastcgi.py will restart when files in C:\inetpub\wwwroot\SQLFlaskCrudApp\ are changed: .*((\.py)|(\.config))$
2020-11-05 07:42:02.887084: wfastcgi.py 3.0.0 initialized
2020-11-05 07:42:07.517130: wfastcgi.py will restart when files in C:\inetpub\wwwroot\SQLFlaskCrudApp\ are changed: .*((\.py)|(\.config))$
2020-11-05 07:42:07.523083: wfastcgi.py 3.0.0 initialized
2020-11-05 07:42:11.239034: wfastcgi.py will restart when files in C:\inetpub\wwwroot\SQLFlaskCrudApp\ are changed: .*((\.py)|(\.config))$
2020-11-05 07:42:11.244447: wfastcgi.py 3.0.0 initialized
2020-11-05 07:42:17.175039: wfastcgi.py will restart when files in C:\inetpub\wwwroot\SQLFlaskCrudApp\ are changed: .*((\.py)|(\.config))$
2020-11-05 07:42:17.179999: wfastcgi.py 3.0.0 initialized
2020-11-05 07:42:17.969164: wfastcgi.py will restart when files in C:\inetpub\wwwroot\SQLFlaskCrudApp\ are changed: .*((\.py)|(\.config))$
2020-11-05 07:42:17.976113: wfastcgi.py 3.0.0 initialized
2020-11-05 07:42:20.364026: wfastcgi.py will restart when files in C:\inetpub\wwwroot\SQLFlaskCrudApp\ are changed: .*((\.py)|(\.config))$
2020-11-05 07:42:20.371989: wfastcgi.py 3.0.0 initialized
2020-11-05 07:42:33.242992: wfastcgi.py will restart when files in C:\inetpub\wwwroot\SQLFlaskCrudApp\ are changed: .*((\.py)|(\.config))$
2020-11-05 07:42:33.242992: wfastcgi.py will restart when files in C:\inetpub\wwwroot\SQLFlaskCrudApp\ are changed: .*((\.py)|(\.config))$
2020-11-05 07:42:33.248475: wfastcgi.py 3.0.0 initialized
2020-11-05 07:42:33.248475: wfastcgi.py 3.0.0 initialized
2020-11-05 07:44:25.076898: wfastcgi.py will restart when files in C:\inetpub\wwwroot\SQLFlaskCrudApp\ are changed: .*((\.py)|(\.config))$
2020-11-05 07:44:25.082328: wfastcgi.py 3.0.0 initialized
2020-11-05 07:44:43.004184: wfastcgi.py will restart when files in C:\inetpub\wwwroot\SQLFlaskCrudApp\ are changed: .*((\.py)|(\.config))$
2020-11-05 07:44:43.012115: wfastcgi.py 3.0.0 initialized
2020-11-05 07:44:53.315728: wfastcgi.py will restart when files in C:\inetpub\wwwroot\SQLFlaskCrudApp\ are changed: .*((\.py)|(\.config))$
2020-11-05 07:44:53.322207: wfastcgi.py 3.0.0 initialized
2020-11-05 07:45:05.538262: wfastcgi.py will restart when files in C:\inetpub\wwwroot\SQLFlaskCrudApp\ are changed: .*((\.py)|(\.config))$
2020-11-05 07:45:05.544711: wfastcgi.py 3.0.0 initialized
2020-11-05 07:45:05.567526: wfastcgi.py will restart when files in C:\inetpub\wwwroot\SQLFlaskCrudApp\ are changed: .*((\.py)|(\.config))$
2020-11-05 07:45:05.572486: wfastcgi.py 3.0.0 initialized
2020-11-05 07:45:18.615866: wfastcgi.py will restart when files in C:\inetpub\wwwroot\SQLFlaskCrudApp\ are changed: .*((\.py)|(\.config))$
2020-11-05 07:45:18.622314: wfastcgi.py 3.0.0 initialized
2020-11-05 07:45:25.409809: wfastcgi.py will restart when files in C:\inetpub\wwwroot\SQLFlaskCrudApp\ are changed: .*((\.py)|(\.config))$
2020-11-05 07:45:25.416752: wfastcgi.py 3.0.0 initialized
2020-11-05 07:45:35.488131: wfastcgi.py will restart when files in C:\inetpub\wwwroot\SQLFlaskCrudApp\ are changed: .*((\.py)|(\.config))$
2020-11-05 07:45:35.493586: wfastcgi.py 3.0.0 initialized
2020-11-05 07:45:44.822064: wfastcgi.py will restart when files in C:\inetpub\wwwroot\SQLFlaskCrudApp\ are changed: .*((\.py)|(\.config))$
2020-11-05 07:45:44.828537: wfastcgi.py 3.0.0 initialized
2020-11-05 07:46:00.206745: wfastcgi.py will restart when files in C:\inetpub\wwwroot\SQLFlaskCrudApp\ are changed: .*((\.py)|(\.config))$
2020-11-05 07:46:00.212174: wfastcgi.py 3.0.0 initialized
2020-11-05 07:46:18.534080: wfastcgi.py will restart when files in C:\inetpub\wwwroot\SQLFlaskCrudApp\ are changed: .*((\.py)|(\.config))$
2020-11-05 07:46:18.539040: wfastcgi.py 3.0.0 initialized
2020-11-05 07:46:23.182257: wfastcgi.py will restart when files in C:\inetpub\wwwroot\SQLFlaskCrudApp\ are changed: .*((\.py)|(\.config))$
2020-11-05 07:46:23.187684: wfastcgi.py 3.0.0 initialized
2020-11-05 07:48:43.187832: wfastcgi.py will restart when files in C:\inetpub\wwwroot\SQLFlaskCrudApp\ are changed: .*((\.py)|(\.config))$
2020-11-05 07:48:43.193784: wfastcgi.py 3.0.0 initialized
2020-11-05 07:48:53.634998: wfastcgi.py will restart when files in C:\inetpub\wwwroot\SQLFlaskCrudApp\ are changed: .*((\.py)|(\.config))$
2020-11-05 07:48:53.640950: wfastcgi.py 3.0.0 initialized
2020-11-05 07:49:06.199265: wfastcgi.py will restart when files in C:\inetpub\wwwroot\SQLFlaskCrudApp\ are changed: .*((\.py)|(\.config))$
2020-11-05 07:49:06.205713: wfastcgi.py 3.0.0 initialized
2020-11-05 07:49:06.377824: wfastcgi.py will restart when files in C:\inetpub\wwwroot\SQLFlaskCrudApp\ are changed: .*((\.py)|(\.config))$
2020-11-05 07:49:06.386752: wfastcgi.py 3.0.0 initialized
2020-11-05 07:49:59.620500: wfastcgi.py will restart when files in C:\inetpub\wwwroot\SQLFlaskCrudApp\ are changed: .*((\.py)|(\.config))$
2020-11-05 07:49:59.627620: wfastcgi.py 3.0.0 initialized
2020-11-05 07:49:59.922346: wfastcgi.py will restart when files in C:\inetpub\wwwroot\SQLFlaskCrudApp\ are changed: .*((\.py)|(\.config))$
2020-11-05 07:49:59.929422: wfastcgi.py 3.0.0 initialized
2020-11-05 07:50:10.946648: wfastcgi.py will restart when files in C:\inetpub\wwwroot\SQLFlaskCrudApp\ are changed: .*((\.py)|(\.config))$
2020-11-05 07:50:10.946648: wfastcgi.py 3.0.0 initialized
2020-11-05 07:50:24.133116: wfastcgi.py will restart when files in C:\inetpub\wwwroot\SQLFlaskCrudApp\ are changed: .*((\.py)|(\.config))$
2020-11-05 07:50:24.148714: wfastcgi.py 3.0.0 initialized
2020-11-05 07:50:27.953374: wfastcgi.py will restart when files in C:\inetpub\wwwroot\SQLFlaskCrudApp\ are changed: .*((\.py)|(\.config))$
2020-11-05 07:50:28.008965: wfastcgi.py 3.0.0 initialized
2020-11-05 07:56:46.589998: wfastcgi.py will restart when files in C:\inetpub\wwwroot\SQLFlaskCrudApp\ are changed: .*((\.py)|(\.config))$
2020-11-05 07:56:46.589998: wfastcgi.py 3.0.0 initialized
2020-11-05 07:57:53.050722: wfastcgi.py will restart when files in C:\inetpub\wwwroot\SQLFlaskCrudApp\ are changed: .*((\.py)|(\.config))$
2020-11-05 07:57:53.056702: wfastcgi.py 3.0.0 initialized
2020-11-05 07:58:43.635836: wfastcgi.py will restart when files in C:\inetpub\wwwroot\SQLFlaskCrudApp\ are changed: .*((\.py)|(\.config))$
2020-11-05 07:58:43.636841: wfastcgi.py 3.0.0 initialized
2020-11-05 07:58:48.032935: wfastcgi.py will restart when files in C:\inetpub\wwwroot\SQLFlaskCrudApp\ are changed: .*((\.py)|(\.config))$
2020-11-05 07:58:48.038917: wfastcgi.py 3.0.0 initialized
2020-11-05 07:59:12.597472: wfastcgi.py will restart when files in C:\inetpub\wwwroot\SQLFlaskCrudApp\ are changed: .*((\.py)|(\.config))$
2020-11-05 07:59:12.603452: wfastcgi.py 3.0.0 initialized
2020-11-05 07:59:15.409045: wfastcgi.py will restart when files in C:\inetpub\wwwroot\SQLFlaskCrudApp\ are changed: .*((\.py)|(\.config))$
2020-11-05 07:59:15.415009: wfastcgi.py 3.0.0 initialized
2020-11-05 07:59:33.783500: wfastcgi.py will restart when files in C:\inetpub\wwwroot\SQLFlaskCrudApp\ are changed: .*((\.py)|(\.config))$
2020-11-05 07:59:33.789481: wfastcgi.py 3.0.0 initialized
2020-11-05 07:59:36.610378: wfastcgi.py will restart when files in C:\inetpub\wwwroot\SQLFlaskCrudApp\ are changed: .*((\.py)|(\.config))$
2020-11-05 07:59:36.616357: wfastcgi.py 3.0.0 initialized
2020-11-05 08:05:23.303973: wfastcgi.py will restart when files in C:\inetpub\wwwroot\SQLFlaskCrudApp\ are changed: .*((\.py)|(\.config))$
2020-11-05 08:05:23.309957: wfastcgi.py 3.0.0 initialized
2020-11-05 08:07:24.277494: wfastcgi.py will restart when files in C:\inetpub\wwwroot\SQLFlaskCrudApp\ are changed: .*((\.py)|(\.config))$
2020-11-05 08:07:24.284507: wfastcgi.py 3.0.0 initialized
2020-11-06 07:41:01.366562: wfastcgi.py will restart when files in C:\inetpub\wwwroot\SQLFlaskCrudApp\ are changed: .*((\.py)|(\.config))$
2020-11-06 07:41:01.374541: wfastcgi.py 3.0.0 initialized
2020-11-06 07:41:01.513203: wfastcgi.py will restart when files in C:\inetpub\wwwroot\SQLFlaskCrudApp\ are changed: .*((\.py)|(\.config))$
2020-11-06 07:41:01.518190: wfastcgi.py 3.0.0 initialized
2020-11-06 07:42:25.209942: wfastcgi.py will restart when files in C:\inetpub\wwwroot\SQLFlaskCrudApp\ are changed: .*((\.py)|(\.config))$
2020-11-06 07:42:25.216922: wfastcgi.py 3.0.0 initialized
2020-11-06 07:42:26.169953: wfastcgi.py will restart when files in C:\inetpub\wwwroot\SQLFlaskCrudApp\ are changed: .*((\.py)|(\.config))$
2020-11-06 07:42:26.177053: wfastcgi.py 3.0.0 initialized
2020-11-06 07:42:26.293762: wfastcgi.py will restart when files in C:\inetpub\wwwroot\SQLFlaskCrudApp\ are changed: .*((\.py)|(\.config))$
2020-11-06 07:42:26.299713: wfastcgi.py 3.0.0 initialized
2020-11-06 07:42:55.841916: wfastcgi.py will restart when files in C:\inetpub\wwwroot\SQLFlaskCrudApp\ are changed: .*((\.py)|(\.config))$
2020-11-06 07:42:55.850891: wfastcgi.py 3.0.0 initialized
2020-11-06 07:42:55.881809: wfastcgi.py will restart when files in C:\inetpub\wwwroot\SQLFlaskCrudApp\ are changed: .*((\.py)|(\.config))$
2020-11-06 07:42:55.890784: wfastcgi.py 3.0.0 initialized
2020-11-06 07:42:56.106162: wfastcgi.py will restart when files in C:\inetpub\wwwroot\SQLFlaskCrudApp\ are changed: .*((\.py)|(\.config))$
2020-11-06 07:42:56.113143: wfastcgi.py 3.0.0 initialized
2020-11-06 07:44:03.976172: wfastcgi.py will restart when files in C:\inetpub\wwwroot\SQLFlaskCrudApp\ are changed: .*((\.py)|(\.config))$
2020-11-06 07:44:03.985175: wfastcgi.py 3.0.0 initialized
2020-11-06 07:44:10.185344: wfastcgi.py will restart when files in C:\inetpub\wwwroot\SQLFlaskCrudApp\ are changed: .*((\.py)|(\.config))$
2020-11-06 07:44:10.196314: wfastcgi.py 3.0.0 initialized
2020-11-06 07:44:15.178393: wfastcgi.py will restart when files in C:\inetpub\wwwroot\SQLFlaskCrudApp\ are changed: .*((\.py)|(\.config))$
2020-11-06 07:44:15.184343: wfastcgi.py 3.0.0 initialized
2020-11-06 07:44:20.119913: wfastcgi.py will restart when files in C:\inetpub\wwwroot\SQLFlaskCrudApp\ are changed: .*((\.py)|(\.config))$
2020-11-06 07:44:20.125847: wfastcgi.py 3.0.0 initialized
2020-11-06 07:44:29.570240: wfastcgi.py will restart when files in C:\inetpub\wwwroot\SQLFlaskCrudApp\ are changed: .*((\.py)|(\.config))$
2020-11-06 07:44:29.570240: wfastcgi.py will restart when files in C:\inetpub\wwwroot\SQLFlaskCrudApp\ are changed: .*((\.py)|(\.config))$
2020-11-06 07:44:29.570240: wfastcgi.py will restart when files in C:\inetpub\wwwroot\SQLFlaskCrudApp\ are changed: .*((\.py)|(\.config))$
2020-11-06 07:44:29.730813: wfastcgi.py 3.0.0 initialized
2020-11-06 07:44:29.730813: wfastcgi.py will restart when files in C:\inetpub\wwwroot\SQLFlaskCrudApp\ are changed: .*((\.py)|(\.config))$
2020-11-06 07:44:29.766730: wfastcgi.py 3.0.0 initialized
2020-11-06 07:44:49.904118: wfastcgi.py will restart when files in C:\inetpub\wwwroot\SQLFlaskCrudApp\ are changed: .*((\.py)|(\.config))$
2020-11-06 07:44:49.910104: wfastcgi.py 3.0.0 initialized
2020-11-06 07:44:50.359900: wfastcgi.py will restart when files in C:\inetpub\wwwroot\SQLFlaskCrudApp\ are changed: .*((\.py)|(\.config))$
2020-11-06 07:44:50.366915: wfastcgi.py 3.0.0 initialized
2020-11-06 07:44:57.290362: wfastcgi.py will restart when files in C:\inetpub\wwwroot\SQLFlaskCrudApp\ are changed: .*((\.py)|(\.config))$
2020-11-06 07:44:57.290362: wfastcgi.py will restart when files in C:\inetpub\wwwroot\SQLFlaskCrudApp\ are changed: .*((\.py)|(\.config))$
2020-11-06 07:44:57.295373: wfastcgi.py 3.0.0 initialized
2020-11-06 07:44:57.295373: wfastcgi.py 3.0.0 initialized
2020-11-06 07:45:04.035038: wfastcgi.py will restart when files in C:\inetpub\wwwroot\SQLFlaskCrudApp\ are changed: .*((\.py)|(\.config))$
2020-11-06 07:45:04.044048: wfastcgi.py 3.0.0 initialized
2020-11-06 07:45:06.732781: wfastcgi.py will restart when files in C:\inetpub\wwwroot\SQLFlaskCrudApp\ are changed: .*((\.py)|(\.config))$
2020-11-06 07:45:06.737767: wfastcgi.py 3.0.0 initialized
2020-11-06 07:45:10.794325: wfastcgi.py will restart when files in C:\inetpub\wwwroot\SQLFlaskCrudApp\ are changed: .*((\.py)|(\.config))$
2020-11-06 07:45:10.800264: wfastcgi.py 3.0.0 initialized
2020-11-06 07:45:15.277227: wfastcgi.py will restart when files in C:\inetpub\wwwroot\SQLFlaskCrudApp\ are changed: .*((\.py)|(\.config))$
2020-11-06 07:45:15.282213: wfastcgi.py 3.0.0 initialized
2020-11-06 07:45:15.506218: wfastcgi.py will restart when files in C:\inetpub\wwwroot\SQLFlaskCrudApp\ are changed: .*((\.py)|(\.config))$
2020-11-06 07:45:15.512235: wfastcgi.py 3.0.0 initialized
2020-11-06 07:47:26.177416: wfastcgi.py will restart when files in C:\inetpub\wwwroot\SQLFlaskCrudApp\ are changed: .*((\.py)|(\.config))$
2020-11-06 07:47:26.183398: wfastcgi.py 3.0.0 initialized
2020-11-06 07:48:59.023967: wfastcgi.py will restart when files in C:\inetpub\wwwroot\SQLFlaskCrudApp\ are changed: .*((\.py)|(\.config))$
2020-11-06 07:48:59.029952: wfastcgi.py 3.0.0 initialized
2020-11-06 07:48:59.157024: wfastcgi.py will restart when files in C:\inetpub\wwwroot\SQLFlaskCrudApp\ are changed: .*((\.py)|(\.config))$
2020-11-06 07:48:59.163008: wfastcgi.py 3.0.0 initialized
2020-11-06 07:49:12.124711: wfastcgi.py will restart when files in C:\inetpub\wwwroot\SQLFlaskCrudApp\ are changed: .*((\.py)|(\.config))$
2020-11-06 07:49:12.129698: wfastcgi.py 3.0.0 initialized
2020-11-06 07:49:25.760257: wfastcgi.py will restart when files in C:\inetpub\wwwroot\SQLFlaskCrudApp\ are changed: .*((\.py)|(\.config))$
2020-11-06 07:49:25.765299: wfastcgi.py 3.0.0 initialized
2020-11-06 07:49:43.756282: wfastcgi.py will restart when files in C:\inetpub\wwwroot\SQLFlaskCrudApp\ are changed: .*((\.py)|(\.config))$
2020-11-06 07:49:43.762266: wfastcgi.py 3.0.0 initialized
2020-11-06 07:49:48.064833: wfastcgi.py will restart when files in C:\inetpub\wwwroot\SQLFlaskCrudApp\ are changed: .*((\.py)|(\.config))$
2020-11-06 07:49:48.070817: wfastcgi.py 3.0.0 initialized
2020-11-06 07:49:48.425906: wfastcgi.py will restart when files in C:\inetpub\wwwroot\SQLFlaskCrudApp\ are changed: .*((\.py)|(\.config))$
2020-11-06 07:49:48.430904: wfastcgi.py 3.0.0 initialized
2020-11-06 07:50:07.479906: wfastcgi.py will restart when files in C:\inetpub\wwwroot\SQLFlaskCrudApp\ are changed: .*((\.py)|(\.config))$
2020-11-06 07:50:07.495863: wfastcgi.py 3.0.0 initialized
2020-11-06 07:50:22.063247: wfastcgi.py will restart when files in C:\inetpub\wwwroot\SQLFlaskCrudApp\ are changed: .*((\.py)|(\.config))$
2020-11-06 07:50:22.068255: wfastcgi.py 3.0.0 initialized
2020-11-06 07:50:22.663127: wfastcgi.py will restart when files in C:\inetpub\wwwroot\SQLFlaskCrudApp\ are changed: .*((\.py)|(\.config))$
2020-11-06 07:50:22.668131: wfastcgi.py 3.0.0 initialized
2020-11-06 07:50:51.303091: wfastcgi.py will restart when files in C:\inetpub\wwwroot\SQLFlaskCrudApp\ are changed: .*((\.py)|(\.config))$
2020-11-06 07:50:51.308110: wfastcgi.py 3.0.0 initialized
2020-11-06 07:50:51.356946: wfastcgi.py will restart when files in C:\inetpub\wwwroot\SQLFlaskCrudApp\ are changed: .*((\.py)|(\.config))$
2020-11-06 07:50:51.361966: wfastcgi.py 3.0.0 initialized
2020-11-06 07:52:15.438143: wfastcgi.py will restart when files in C:\inetpub\wwwroot\SQLFlaskCrudApp\ are changed: .*((\.py)|(\.config))$
2020-11-06 07:52:15.444127: wfastcgi.py 3.0.0 initialized
2020-11-06 07:53:24.798765: wfastcgi.py will restart when files in C:\inetpub\wwwroot\SQLFlaskCrudApp\ are changed: .*((\.py)|(\.config))$
2020-11-06 07:53:24.804742: wfastcgi.py 3.0.0 initialized
2020-11-06 07:53:46.053993: wfastcgi.py will restart when files in C:\inetpub\wwwroot\SQLFlaskCrudApp\ are changed: .*((\.py)|(\.config))$
2020-11-06 07:53:46.060009: wfastcgi.py 3.0.0 initialized
2020-11-06 07:53:51.609413: wfastcgi.py will restart when files in C:\inetpub\wwwroot\SQLFlaskCrudApp\ are changed: .*((\.py)|(\.config))$
2020-11-06 07:53:51.615397: wfastcgi.py 3.0.0 initialized
2020-11-06 07:54:04.966302: wfastcgi.py will restart when files in C:\inetpub\wwwroot\SQLFlaskCrudApp\ are changed: .*((\.py)|(\.config))$
2020-11-06 07:54:04.972286: wfastcgi.py 3.0.0 initialized
2020-11-06 07:54:20.184135: wfastcgi.py will restart when files in C:\inetpub\wwwroot\SQLFlaskCrudApp\ are changed: .*((\.py)|(\.config))$
2020-11-06 07:54:20.190119: wfastcgi.py 3.0.0 initialized
2020-11-06 07:54:20.502665: wfastcgi.py will restart when files in C:\inetpub\wwwroot\SQLFlaskCrudApp\ are changed: .*((\.py)|(\.config))$
2020-11-06 07:54:20.508682: wfastcgi.py 3.0.0 initialized
2020-11-06 07:54:20.638351: wfastcgi.py will restart when files in C:\inetpub\wwwroot\SQLFlaskCrudApp\ are changed: .*((\.py)|(\.config))$
2020-11-06 07:54:20.644282: wfastcgi.py 3.0.0 initialized
2020-11-06 07:54:44.711345: wfastcgi.py will restart when files in C:\inetpub\wwwroot\SQLFlaskCrudApp\ are changed: .*((\.py)|(\.config))$
2020-11-06 07:54:44.717328: wfastcgi.py 3.0.0 initialized
2020-11-06 07:54:47.404083: wfastcgi.py will restart when files in C:\inetpub\wwwroot\SQLFlaskCrudApp\ are changed: .*((\.py)|(\.config))$
2020-11-06 07:54:47.410067: wfastcgi.py 3.0.0 initialized
2020-11-06 07:55:08.527763: wfastcgi.py will restart when files in C:\inetpub\wwwroot\SQLFlaskCrudApp\ are changed: .*((\.py)|(\.config))$
2020-11-06 07:55:08.533781: wfastcgi.py 3.0.0 initialized
2020-11-06 07:55:25.854743: wfastcgi.py will restart when files in C:\inetpub\wwwroot\SQLFlaskCrudApp\ are changed: .*((\.py)|(\.config))$
2020-11-06 07:55:26.017343: wfastcgi.py 3.0.0 initialized
2020-11-06 07:55:26.017343: wfastcgi.py 3.0.0 initialized
2020-11-06 07:58:05.089696: wfastcgi.py will restart when files in C:\inetpub\wwwroot\SQLFlaskCrudApp\ are changed: .*((\.py)|(\.config))$
2020-11-06 07:58:05.095705: wfastcgi.py 3.0.0 initialized
2020-11-06 08:03:39.228443: wfastcgi.py will restart when files in C:\inetpub\wwwroot\SQLFlaskCrudApp\ are changed: .*((\.py)|(\.config))$
2020-11-06 08:03:39.234394: wfastcgi.py 3.0.0 initialized
2020-11-06 08:04:23.093405: wfastcgi.py will restart when files in C:\inetpub\wwwroot\SQLFlaskCrudApp\ are changed: .*((\.py)|(\.config))$
2020-11-06 08:04:23.099345: wfastcgi.py 3.0.0 initialized
2020-11-06 08:04:42.478069: wfastcgi.py will restart when files in C:\inetpub\wwwroot\SQLFlaskCrudApp\ are changed: .*((\.py)|(\.config))$
2020-11-06 08:04:42.484053: wfastcgi.py 3.0.0 initialized
2020-11-06 08:04:57.159554: wfastcgi.py will restart when files in C:\inetpub\wwwroot\SQLFlaskCrudApp\ are changed: .*((\.py)|(\.config))$
2020-11-06 08:04:57.165486: wfastcgi.py 3.0.0 initialized
2020-11-06 08:05:02.667793: wfastcgi.py will restart when files in C:\inetpub\wwwroot\SQLFlaskCrudApp\ are changed: .*((\.py)|(\.config))$
2020-11-06 08:05:02.673810: wfastcgi.py 3.0.0 initialized
2020-11-06 08:05:18.119585: wfastcgi.py will restart when files in C:\inetpub\wwwroot\SQLFlaskCrudApp\ are changed: .*((\.py)|(\.config))$
2020-11-06 08:05:18.124572: wfastcgi.py 3.0.0 initialized
2020-11-06 08:05:23.592489: wfastcgi.py will restart when files in C:\inetpub\wwwroot\SQLFlaskCrudApp\ are changed: .*((\.py)|(\.config))$
2020-11-06 08:05:23.598470: wfastcgi.py 3.0.0 initialized
2020-11-09 08:08:49.410518: wfastcgi.py will restart when files in C:\inetpub\wwwroot\SQLFlaskCrudApp\ are changed: .*((\.py)|(\.config))$
2020-11-09 08:08:49.418527: wfastcgi.py 3.0.0 initialized
2020-11-09 08:08:49.418527: wfastcgi.py 3.0.0 initialized
2020-11-09 08:08:49.807453: wfastcgi.py will restart when files in C:\inetpub\wwwroot\SQLFlaskCrudApp\ are changed: .*((\.py)|(\.config))$
2020-11-09 08:08:49.813437: wfastcgi.py 3.0.0 initialized
2020-11-09 08:10:23.219971: wfastcgi.py will restart when files in C:\inetpub\wwwroot\SQLFlaskCrudApp\ are changed: .*((\.py)|(\.config))$
2020-11-09 08:10:23.225955: wfastcgi.py 3.0.0 initialized
2020-11-09 08:10:31.379490: wfastcgi.py will restart when files in C:\inetpub\wwwroot\SQLFlaskCrudApp\ are changed: .*((\.py)|(\.config))$
2020-11-09 08:10:31.385475: wfastcgi.py 3.0.0 initialized
2020-11-09 08:11:42.294776: wfastcgi.py will restart when files in C:\inetpub\wwwroot\SQLFlaskCrudApp\ are changed: .*((\.py)|(\.config))$
2020-11-09 08:11:42.300760: wfastcgi.py 3.0.0 initialized
2020-11-09 08:11:42.409501: wfastcgi.py will restart when files in C:\inetpub\wwwroot\SQLFlaskCrudApp\ are changed: .*((\.py)|(\.config))$
2020-11-09 08:11:42.416485: wfastcgi.py 3.0.0 initialized
2020-11-09 08:11:59.049720: wfastcgi.py will restart when files in C:\inetpub\wwwroot\SQLFlaskCrudApp\ are changed: .*((\.py)|(\.config))$
2020-11-09 08:11:59.056677: wfastcgi.py will restart when files in C:\inetpub\wwwroot\SQLFlaskCrudApp\ are changed: .*((\.py)|(\.config))$
2020-11-09 08:11:59.063659: wfastcgi.py 3.0.0 initialized
2020-11-09 08:11:59.094575: wfastcgi.py will restart when files in C:\inetpub\wwwroot\SQLFlaskCrudApp\ are changed: .*((\.py)|(\.config))$
2020-11-09 08:11:59.100559: wfastcgi.py 3.0.0 initialized
2020-11-09 08:11:59.110533: wfastcgi.py will restart when files in C:\inetpub\wwwroot\SQLFlaskCrudApp\ are changed: .*((\.py)|(\.config))$
2020-11-09 08:11:59.115519: wfastcgi.py 3.0.0 initialized
2020-11-09 08:12:15.173486: wfastcgi.py will restart when files in C:\inetpub\wwwroot\SQLFlaskCrudApp\ are changed: .*((\.py)|(\.config))$
2020-11-09 08:12:15.179469: wfastcgi.py 3.0.0 initialized
2020-11-09 08:12:24.177617: wfastcgi.py will restart when files in C:\inetpub\wwwroot\SQLFlaskCrudApp\ are changed: .*((\.py)|(\.config))$
2020-11-09 08:12:24.185595: wfastcgi.py 3.0.0 initialized
2020-11-09 08:12:24.260395: wfastcgi.py will restart when files in C:\inetpub\wwwroot\SQLFlaskCrudApp\ are changed: .*((\.py)|(\.config))$
2020-11-09 08:12:24.266378: wfastcgi.py 3.0.0 initialized
2020-11-09 08:12:26.042627: wfastcgi.py will restart when files in C:\inetpub\wwwroot\SQLFlaskCrudApp\ are changed: .*((\.py)|(\.config))$
2020-11-09 08:12:26.051604: wfastcgi.py 3.0.0 initialized
2020-11-09 08:12:26.064570: wfastcgi.py will restart when files in C:\inetpub\wwwroot\SQLFlaskCrudApp\ are changed: .*((\.py)|(\.config))$
2020-11-09 08:12:26.070586: wfastcgi.py 3.0.0 initialized
2020-11-09 08:12:26.109451: wfastcgi.py will restart when files in C:\inetpub\wwwroot\SQLFlaskCrudApp\ are changed: .*((\.py)|(\.config))$
2020-11-09 08:12:26.119423: wfastcgi.py 3.0.0 initialized
2020-11-09 08:12:37.610717: wfastcgi.py will restart when files in C:\inetpub\wwwroot\SQLFlaskCrudApp\ are changed: .*((\.py)|(\.config))$
2020-11-09 08:12:37.618695: wfastcgi.py 3.0.0 initialized
2020-11-09 08:12:40.540177: wfastcgi.py will restart when files in C:\inetpub\wwwroot\SQLFlaskCrudApp\ are changed: .*((\.py)|(\.config))$
2020-11-09 08:12:40.546192: wfastcgi.py 3.0.0 initialized
2020-11-09 08:12:47.305343: wfastcgi.py will restart when files in C:\inetpub\wwwroot\SQLFlaskCrudApp\ are changed: .*((\.py)|(\.config))$
2020-11-09 08:12:47.311362: wfastcgi.py 3.0.0 initialized
2020-11-09 08:12:51.539379: wfastcgi.py will restart when files in C:\inetpub\wwwroot\SQLFlaskCrudApp\ are changed: .*((\.py)|(\.config))$
2020-11-09 08:12:51.545331: wfastcgi.py 3.0.0 initialized
2020-11-09 08:12:54.528054: wfastcgi.py will restart when files in C:\inetpub\wwwroot\SQLFlaskCrudApp\ are changed: .*((\.py)|(\.config))$
2020-11-09 08:12:54.534035: wfastcgi.py 3.0.0 initialized
2020-11-09 08:13:00.167836: wfastcgi.py will restart when files in C:\inetpub\wwwroot\SQLFlaskCrudApp\ are changed: .*((\.py)|(\.config))$
2020-11-09 08:13:00.172789: wfastcgi.py 3.0.0 initialized
2020-11-09 08:14:29.092949: wfastcgi.py will restart when files in C:\inetpub\wwwroot\SQLFlaskCrudApp\ are changed: .*((\.py)|(\.config))$
2020-11-09 08:14:29.098934: wfastcgi.py 3.0.0 initialized
2020-11-09 08:14:29.125861: wfastcgi.py will restart when files in C:\inetpub\wwwroot\SQLFlaskCrudApp\ are changed: .*((\.py)|(\.config))$
2020-11-09 08:14:29.131845: wfastcgi.py 3.0.0 initialized
2020-11-09 08:14:48.829761: wfastcgi.py will restart when files in C:\inetpub\wwwroot\SQLFlaskCrudApp\ are changed: .*((\.py)|(\.config))$
2020-11-09 08:14:48.835745: wfastcgi.py 3.0.0 initialized
2020-11-09 08:14:48.849733: wfastcgi.py will restart when files in C:\inetpub\wwwroot\SQLFlaskCrudApp\ are changed: .*((\.py)|(\.config))$
2020-11-09 08:14:48.859680: wfastcgi.py 3.0.0 initialized
2020-11-09 08:14:48.876107: wfastcgi.py will restart when files in C:\inetpub\wwwroot\SQLFlaskCrudApp\ are changed: .*((\.py)|(\.config))$
2020-11-09 08:14:48.881651: wfastcgi.py 3.0.0 initialized
2020-11-09 08:15:00.396178: wfastcgi.py will restart when files in C:\inetpub\wwwroot\SQLFlaskCrudApp\ are changed: .*((\.py)|(\.config))$
2020-11-09 08:15:00.402168: wfastcgi.py 3.0.0 initialized
2020-11-09 08:15:15.782255: wfastcgi.py will restart when files in C:\inetpub\wwwroot\SQLFlaskCrudApp\ are changed: .*((\.py)|(\.config))$
2020-11-09 08:15:15.790233: wfastcgi.py 3.0.0 initialized
2020-11-09 08:15:16.134841: wfastcgi.py will restart when files in C:\inetpub\wwwroot\SQLFlaskCrudApp\ are changed: .*((\.py)|(\.config))$
2020-11-09 08:15:16.141823: wfastcgi.py 3.0.0 initialized
2020-11-09 08:15:24.322117: wfastcgi.py will restart when files in C:\inetpub\wwwroot\SQLFlaskCrudApp\ are changed: .*((\.py)|(\.config))$
2020-11-09 08:15:24.329099: wfastcgi.py 3.0.0 initialized
2020-11-09 08:15:36.916827: wfastcgi.py will restart when files in C:\inetpub\wwwroot\SQLFlaskCrudApp\ are changed: .*((\.py)|(\.config))$
2020-11-09 08:15:36.922810: wfastcgi.py 3.0.0 initialized
2020-11-09 08:15:40.432013: wfastcgi.py will restart when files in C:\inetpub\wwwroot\SQLFlaskCrudApp\ are changed: .*((\.py)|(\.config))$
2020-11-09 08:15:40.437997: wfastcgi.py 3.0.0 initialized
2020-11-09 08:15:47.987343: wfastcgi.py will restart when files in C:\inetpub\wwwroot\SQLFlaskCrudApp\ are changed: .*((\.py)|(\.config))$
2020-11-09 08:15:47.993335: wfastcgi.py 3.0.0 initialized
2020-11-09 08:15:49.269877: wfastcgi.py will restart when files in C:\inetpub\wwwroot\SQLFlaskCrudApp\ are changed: .*((\.py)|(\.config))$
2020-11-09 08:15:49.274994: wfastcgi.py 3.0.0 initialized
2020-11-09 08:16:11.797255: wfastcgi.py will restart when files in C:\inetpub\wwwroot\SQLFlaskCrudApp\ are changed: .*((\.py)|(\.config))$
2020-11-09 08:16:11.804205: wfastcgi.py 3.0.0 initialized
2020-11-09 08:16:32.466111: wfastcgi.py will restart when files in C:\inetpub\wwwroot\SQLFlaskCrudApp\ are changed: .*((\.py)|(\.config))$
2020-11-09 08:16:32.472095: wfastcgi.py 3.0.0 initialized
2020-11-09 08:16:45.182901: wfastcgi.py will restart when files in C:\inetpub\wwwroot\SQLFlaskCrudApp\ are changed: .*((\.py)|(\.config))$
2020-11-09 08:16:45.189882: wfastcgi.py 3.0.0 initialized
2020-11-09 08:16:45.218804: wfastcgi.py will restart when files in C:\inetpub\wwwroot\SQLFlaskCrudApp\ are changed: .*((\.py)|(\.config))$
2020-11-09 08:16:45.224788: wfastcgi.py 3.0.0 initialized
2020-11-09 08:16:56.295266: wfastcgi.py will restart when files in C:\inetpub\wwwroot\SQLFlaskCrudApp\ are changed: .*((\.py)|(\.config))$
2020-11-09 08:16:56.303240: wfastcgi.py 3.0.0 initialized
2020-11-09 08:17:10.852403: wfastcgi.py will restart when files in C:\inetpub\wwwroot\SQLFlaskCrudApp\ are changed: .*((\.py)|(\.config))$
2020-11-09 08:17:10.858419: wfastcgi.py 3.0.0 initialized
2020-11-09 08:17:25.171166: wfastcgi.py will restart when files in C:\inetpub\wwwroot\SQLFlaskCrudApp\ are changed: .*((\.py)|(\.config))$
2020-11-09 08:17:25.177151: wfastcgi.py 3.0.0 initialized
2020-11-09 08:17:25.177151: wfastcgi.py will restart when files in C:\inetpub\wwwroot\SQLFlaskCrudApp\ are changed: .*((\.py)|(\.config))$
2020-11-09 08:17:25.185128: wfastcgi.py 3.0.0 initialized
2020-11-09 08:17:25.411107: wfastcgi.py will restart when files in C:\inetpub\wwwroot\SQLFlaskCrudApp\ are changed: .*((\.py)|(\.config))$
2020-11-09 08:17:25.418121: wfastcgi.py 3.0.0 initialized
2020-11-09 08:17:49.480566: wfastcgi.py will restart when files in C:\inetpub\wwwroot\SQLFlaskCrudApp\ are changed: .*((\.py)|(\.config))$
2020-11-09 08:17:49.486575: wfastcgi.py 3.0.0 initialized
2020-11-09 08:17:49.511486: wfastcgi.py will restart when files in C:\inetpub\wwwroot\SQLFlaskCrudApp\ are changed: .*((\.py)|(\.config))$
2020-11-09 08:17:49.518464: wfastcgi.py 3.0.0 initialized
2020-11-09 08:17:49.529436: wfastcgi.py will restart when files in C:\inetpub\wwwroot\SQLFlaskCrudApp\ are changed: .*((\.py)|(\.config))$
2020-11-09 08:17:49.535419: wfastcgi.py 3.0.0 initialized
2020-11-09 08:21:18.334207: wfastcgi.py will restart when files in C:\inetpub\wwwroot\SQLFlaskCrudApp\ are changed: .*((\.py)|(\.config))$
2020-11-09 08:21:18.340186: wfastcgi.py 3.0.0 initialized
2020-11-09 08:21:19.755387: wfastcgi.py will restart when files in C:\inetpub\wwwroot\SQLFlaskCrudApp\ are changed: .*((\.py)|(\.config))$
2020-11-09 08:21:19.762370: wfastcgi.py 3.0.0 initialized
2020-11-09 08:21:29.440311: wfastcgi.py will restart when files in C:\inetpub\wwwroot\SQLFlaskCrudApp\ are changed: .*((\.py)|(\.config))$
2020-11-09 08:21:29.447282: wfastcgi.py 3.0.0 initialized
2020-11-09 08:21:40.110201: wfastcgi.py will restart when files in C:\inetpub\wwwroot\SQLFlaskCrudApp\ are changed: .*((\.py)|(\.config))$
2020-11-09 08:21:40.116185: wfastcgi.py 3.0.0 initialized
2020-11-09 08:21:47.581980: wfastcgi.py will restart when files in C:\inetpub\wwwroot\SQLFlaskCrudApp\ are changed: .*((\.py)|(\.config))$
2020-11-09 08:21:47.587964: wfastcgi.py 3.0.0 initialized
2020-11-09 08:21:57.860942: wfastcgi.py will restart when files in C:\inetpub\wwwroot\SQLFlaskCrudApp\ are changed: .*((\.py)|(\.config))$
2020-11-09 08:21:57.865896: wfastcgi.py 3.0.0 initialized
2020-11-09 08:30:47.284200: wfastcgi.py will restart when files in C:\inetpub\wwwroot\SQLFlaskCrudApp\ are changed: .*((\.py)|(\.config))$
2020-11-09 08:30:47.293211: wfastcgi.py 3.0.0 initialized
2020-11-09 08:33:01.581085: wfastcgi.py will restart when files in C:\inetpub\wwwroot\SQLFlaskCrudApp\ are changed: .*((\.py)|(\.config))$
2020-11-09 08:33:01.586107: wfastcgi.py 3.0.0 initialized
